[35m[Appium][39m Welcome to Appium v1.22.3
[35m[Appium][39m Non-default server args:
[35m[Appium][39m   port: 52925
[35m[Appium][39m   loglevel: info
[35m[Appium][39m   tmpDir: C:\Users\hivan\AppData\Local\Temp\\Katalon\Appium\Temp1656044400886
[35m[Appium][39m   chromedriverPort: 52927
[35m[Appium][39m Deprecated server args:
[35m[Appium][39m   [31m--chromedriver-port[39m => --default-capabilities
[35m[Appium][39m Default capabilities, which will be added to each request unless overridden by desired capabilities:
[35m[Appium][39m   chromedriverPort: 52927
[35m[Appium][39m Appium REST http interface listener started on 0.0.0.0:52925
[35m[HTTP][39m [37m-->[39m [37mGET[39m [37m/wd/hub/status[39m
[35m[HTTP][39m [90m{}[39m
[35m[HTTP][39m [37m<-- GET /wd/hub/status [39m[32m200[39m [90m7 ms - 68[39m
[35m[HTTP][39m [90m[39m
[35m[HTTP][39m [37m-->[39m [37mGET[39m [37m/wd/hub/status[39m
[35m[HTTP][39m [90m{}[39m
[35m[HTTP][39m [37m<-- GET /wd/hub/status [39m[32m200[39m [90m1 ms - 68[39m
[35m[HTTP][39m [90m[39m
[35m[HTTP][39m [37m-->[39m [37mPOST[39m [37m/wd/hub/session[39m
[35m[HTTP][39m [90m{"desiredCapabilities":{"app":"C:\\Users\\hivan\\Downloads\\app-pendaki.apk","noReset":true,"deviceName":"emulator-5554 (sdk_gphone64_x86_64 - Android 12)","fullReset":false,"platform":"ANDROID","newCommandTimeout":1800,"platformVersion":"12","automationName":"uiautomator2","autoGrantPermissions":true,"platformName":"Android","udid":"emulator-5554","systemPort":52936},"capabilities":{"firstMatch":[{"appium:app":"C:\\Users\\hivan\\Downloads\\app-pendaki.apk","appium:autoGrantPermissions":true,"appium:automationName":"uiautomator2","appium:deviceName":"emulator-5554 (sdk_gphone64_x86_64 - Android 12)","appium:fullReset":false,"appium:newCommandTimeout":1800,"appium:noReset":true,"platform":"ANDROID","platformName":"android","appium:platformVersion":"12","appium:systemPort":52936,"appium:udid":"emulator-5554"}]}}[39m
[35m[BaseDriver][39m The following capabilities are not standard capabilities and should have an extension prefix:
[35m[BaseDriver][39m   platform
[35m[BaseDriver][39m   chromedriverPort
[35m[Appium][39m Appium v1.22.3 creating new AndroidUiautomator2Driver (v1.70.1) session
[35m[BaseDriver][39m The following capabilities were provided, but are not recognized by Appium:
[35m[BaseDriver][39m   platform
[35m[BaseDriver][39m Session created with session id: 40c5e822-1fc6-4718-803e-f177af0a3902
[35m[BaseDriver][39m Using local app 'C:\Users\hivan\Downloads\app-pendaki.apk'
[35m[ADB][39m Found 1 'build-tools' folders under 'C:\Users\hivan\.katalon\tools\android_sdk' (newest first):
[35m[ADB][39m     C:/Users/hivan/.katalon/tools/android_sdk/build-tools/29.0.3
[35m[ADB][39m Using 'adb.exe' from 'C:\Users\hivan\.katalon\tools\android_sdk\platform-tools\adb.exe'
[35m[AndroidDriver][39m Retrieving device list
[35m[AndroidDriver][39m Using device: emulator-5554
[35m[ADB][39m Using 'adb.exe' from 'C:\Users\hivan\.katalon\tools\android_sdk\platform-tools\adb.exe'
[35m[ADB][39m Getting device platform version
[35m[UiAutomator2][39m Relaxing hidden api policy
[35m[ADB][39m Package name: 'com.wahidari.pendaki'
[35m[ADB][39m Main activity name: 'com.wahidari.pendaki.MainActivity'
[35m[ADB][39m The application at 'C:\Users\hivan\AppData\Roaming\npm\node_modules\appium\node_modules\io.appium.settings\apks\settings_apk-debug.apk' will not be cached, because the device under test has confirmed the support of streamed installs
[35m[ADB][39m The installation of 'settings_apk-debug.apk' took 411ms
[35m[ADB][39m Using 'apksigner.jar' from 'C:\Users\hivan\.katalon\tools\android_sdk\build-tools\29.0.3\lib\apksigner.jar'
[35m[ADB][39m 'C:\Users\hivan\AppData\Roaming\npm\node_modules\appium\node_modules\appium-uiautomator2-server\apks\appium-uiautomator2-server-v4.27.0.apk' is signed with the default certificate
[35m[ADB][39m 'C:\Users\hivan\AppData\Roaming\npm\node_modules\appium\node_modules\appium-uiautomator2-server\apks\appium-uiautomator2-server-debug-androidTest.apk' is signed with the default certificate
[35m[UiAutomator2][39m Server packages are going to be (re)installed
[35m[ADB][39m The application at 'C:\Users\hivan\AppData\Roaming\npm\node_modules\appium\node_modules\appium-uiautomator2-server\apks\appium-uiautomator2-server-v4.27.0.apk' will not be cached, because the device under test has confirmed the support of streamed installs
[35m[ADB][39m The installation of 'appium-uiautomator2-server-v4.27.0.apk' took 587ms
[35m[ADB][39m The application at 'C:\Users\hivan\AppData\Roaming\npm\node_modules\appium\node_modules\appium-uiautomator2-server\apks\appium-uiautomator2-server-debug-androidTest.apk' will not be cached, because the device under test has confirmed the support of streamed installs
[35m[ADB][39m The installation of 'appium-uiautomator2-server-debug-androidTest.apk' took 402ms
[35m[ADB][39m Adding packages ["io.appium.settings","io.appium.uiautomator2.server","io.appium.uiautomator2.server.test"] to Doze whitelist
[35m[ADB][39m 'C:\Users\hivan\Downloads\app-pendaki.apk' is signed with a non-default certificate
[35m[ADB][39m The application at 'C:\Users\hivan\Downloads\app-pendaki.apk' will not be cached, because the device under test has confirmed the support of streamed installs
[35m[ADB][39m The installation of 'app-pendaki.apk' took 348ms
[35m[UiAutomator2][39m Starting UIAutomator2 server 4.27.0
[35m[UiAutomator2][39m Using UIAutomator2 server from 'C:\Users\hivan\AppData\Roaming\npm\node_modules\appium\node_modules\appium-uiautomator2-server\apks\appium-uiautomator2-server-v4.27.0.apk' and test from 'C:\Users\hivan\AppData\Roaming\npm\node_modules\appium\node_modules\appium-uiautomator2-server\apks\appium-uiautomator2-server-debug-androidTest.apk'
[35m[UiAutomator2][39m Waiting up to 30000ms for UiAutomator2 to be online...
[35m[WD Proxy][39m socket hang up
[35m[WD Proxy][39m socket hang up
[35m[WD Proxy][39m socket hang up
[35m[WD Proxy][39m Determined the downstream protocol as 'W3C'
[35m[AndroidDriver][39m Screen already unlocked, doing nothing
[35m[UiAutomator2][39m Starting 'com.wahidari.pendaki/com.wahidari.pendaki.MainActivity and waiting for 'com.wahidari.pendaki/com.wahidari.pendaki.MainActivity'
[35m[Appium][39m New AndroidUiautomator2Driver session created successfully, session 40c5e822-1fc6-4718-803e-f177af0a3902 added to master session list
[35m[HTTP][39m [37m<-- POST /wd/hub/session [39m[32m200[39m [90m11901 ms - 1282[39m
[35m[HTTP][39m [90m[39m
[35m[HTTP][39m [37m-->[39m [37mGET[39m [37m/wd/hub/session/40c5e822-1fc6-4718-803e-f177af0a3902[39m
[35m[HTTP][39m [90m{}[39m
[35m[HTTP][39m [37m<-- GET /wd/hub/session/40c5e822-1fc6-4718-803e-f177af0a3902 [39m[32m200[39m [90m10 ms - 1236[39m
[35m[HTTP][39m [90m[39m
[35m[HTTP][39m [37m-->[39m [37mGET[39m [37m/wd/hub/session/40c5e822-1fc6-4718-803e-f177af0a3902[39m
[35m[HTTP][39m [90m{}[39m
[35m[HTTP][39m [37m<-- GET /wd/hub/session/40c5e822-1fc6-4718-803e-f177af0a3902 [39m[32m200[39m [90m8 ms - 1236[39m
[35m[HTTP][39m [90m[39m
[35m[HTTP][39m [37m-->[39m [37mGET[39m [37m/wd/hub/status[39m
[35m[HTTP][39m [90m{}[39m
[35m[HTTP][39m [37m<-- GET /wd/hub/status [39m[32m200[39m [90m1 ms - 68[39m
[35m[HTTP][39m [90m[39m
[35m[HTTP][39m [37m-->[39m [37mPOST[39m [37m/wd/hub/session/40c5e822-1fc6-4718-803e-f177af0a3902/timeouts[39m
[35m[HTTP][39m [90m{"implicit":60000}[39m
[35m[HTTP][39m [37m<-- POST /wd/hub/session/40c5e822-1fc6-4718-803e-f177af0a3902/timeouts [39m[32m200[39m [90m2 ms - 14[39m
[35m[HTTP][39m [90m[39m
[35m[HTTP][39m [37m-->[39m [37mGET[39m [37m/wd/hub/session/40c5e822-1fc6-4718-803e-f177af0a3902/source[39m
[35m[HTTP][39m [90m{}[39m
[35m[W3C (40c5e822)][39m Driver proxy active, passing request on via HTTP proxy
[35m[WD Proxy][39m Replacing sessionId a7c86703-99bc-49ea-b404-df8e03c9c15a with 40c5e822-1fc6-4718-803e-f177af0a3902
[35m[HTTP][39m [37m<-- GET /wd/hub/session/40c5e822-1fc6-4718-803e-f177af0a3902/source [39m[32m200[39m [90m555 ms - 31723[39m
[35m[HTTP][39m [90m[39m
[35m[HTTP][39m [37m-->[39m [37mGET[39m [37m/wd/hub/session/40c5e822-1fc6-4718-803e-f177af0a3902/screenshot[39m
[35m[HTTP][39m [90m{}[39m
[35m[HTTP][39m [37m<-- GET /wd/hub/session/40c5e822-1fc6-4718-803e-f177af0a3902/screenshot [39m[32m200[39m [90m1229 ms - 4006574[39m
[35m[HTTP][39m [90m[39m
[35m[HTTP][39m [37m-->[39m [37mPOST[39m [37m/wd/hub/session/40c5e822-1fc6-4718-803e-f177af0a3902/elements[39m
[35m[HTTP][39m [90m{"using":"xpath","value":"//*[@class = 'android.widget.ImageButton' and (@text = '' or . = '')]"}[39m
[35m[HTTP][39m [37m<-- POST /wd/hub/session/40c5e822-1fc6-4718-803e-f177af0a3902/elements [39m[32m200[39m [90m518 ms - 139[39m
[35m[HTTP][39m [90m[39m
[35m[HTTP][39m [37m-->[39m [37mGET[39m [37m/wd/hub/session/40c5e822-1fc6-4718-803e-f177af0a3902/window/rect[39m
[35m[HTTP][39m [90m{}[39m
[35m[HTTP][39m [37m<-- GET /wd/hub/session/40c5e822-1fc6-4718-803e-f177af0a3902/window/rect [39m[32m200[39m [90m14 ms - 50[39m
[35m[HTTP][39m [90m[39m
[35m[HTTP][39m [37m-->[39m [37mPOST[39m [37m/wd/hub/session/40c5e822-1fc6-4718-803e-f177af0a3902/elements[39m
[35m[HTTP][39m [90m{"using":"xpath","value":"//*[@class = 'android.widget.ImageButton' and (@text = '' or . = '')]"}[39m
[35m[HTTP][39m [37m<-- POST /wd/hub/session/40c5e822-1fc6-4718-803e-f177af0a3902/elements [39m[32m200[39m [90m125 ms - 139[39m
[35m[HTTP][39m [90m[39m
[35m[HTTP][39m [37m-->[39m [37mGET[39m [37m/wd/hub/session/40c5e822-1fc6-4718-803e-f177af0a3902/element/00000000-0000-000a-ffff-ffff000000a9/location[39m
[35m[HTTP][39m [90m{}[39m
[35m[W3C (40c5e822)][39m Driver proxy active, passing request on via HTTP proxy
[35m[WD Proxy][39m Replacing sessionId a7c86703-99bc-49ea-b404-df8e03c9c15a with 40c5e822-1fc6-4718-803e-f177af0a3902
[35m[HTTP][39m [37m<-- GET /wd/hub/session/40c5e822-1fc6-4718-803e-f177af0a3902/element/00000000-0000-000a-ffff-ffff000000a9/location [39m[32m200[39m [90m14 ms - 76[39m
[35m[HTTP][39m [90m[39m
[35m[HTTP][39m [37m-->[39m [37mPOST[39m [37m/wd/hub/session/40c5e822-1fc6-4718-803e-f177af0a3902/element/00000000-0000-000a-ffff-ffff000000a9/click[39m
[35m[HTTP][39m [90m{"id":"00000000-0000-000a-ffff-ffff000000a9"}[39m
[35m[HTTP][39m [37m<-- POST /wd/hub/session/40c5e822-1fc6-4718-803e-f177af0a3902/element/00000000-0000-000a-ffff-ffff000000a9/click [39m[32m200[39m [90m51 ms - 14[39m
[35m[HTTP][39m [90m[39m
[35m[HTTP][39m [37m-->[39m [37mGET[39m [37m/wd/hub/session/40c5e822-1fc6-4718-803e-f177af0a3902/source[39m
[35m[HTTP][39m [90m{}[39m
[35m[W3C (40c5e822)][39m Driver proxy active, passing request on via HTTP proxy
[35m[WD Proxy][39m Replacing sessionId a7c86703-99bc-49ea-b404-df8e03c9c15a with 40c5e822-1fc6-4718-803e-f177af0a3902
[35m[HTTP][39m [37m<-- GET /wd/hub/session/40c5e822-1fc6-4718-803e-f177af0a3902/source [39m[32m200[39m [90m606 ms - 47741[39m
[35m[HTTP][39m [90m[39m
[35m[HTTP][39m [37m-->[39m [37mGET[39m [37m/wd/hub/session/40c5e822-1fc6-4718-803e-f177af0a3902/screenshot[39m
[35m[HTTP][39m [90m{}[39m
[35m[HTTP][39m [37m<-- GET /wd/hub/session/40c5e822-1fc6-4718-803e-f177af0a3902/screenshot [39m[32m200[39m [90m760 ms - 870916[39m
[35m[HTTP][39m [90m[39m
[35m[HTTP][39m [37m-->[39m [37mPOST[39m [37m/wd/hub/session/40c5e822-1fc6-4718-803e-f177af0a3902/elements[39m
[35m[HTTP][39m [90m{"using":"xpath","value":"//*[@class = 'android.widget.RelativeLayout' and (@text = '' or . = '')]"}[39m
[35m[HTTP][39m [37m<-- POST /wd/hub/session/40c5e822-1fc6-4718-803e-f177af0a3902/elements [39m[32m200[39m [90m161 ms - 1291[39m
[35m[HTTP][39m [90m[39m
[35m[HTTP][39m [37m-->[39m [37mPOST[39m [37m/wd/hub/session/40c5e822-1fc6-4718-803e-f177af0a3902/elements[39m
[35m[HTTP][39m [90m{"using":"-android uiautomator","value":"new UiSelector().className(\"android.widget.RelativeLayout\")"}[39m
[35m[HTTP][39m [37m<-- POST /wd/hub/session/40c5e822-1fc6-4718-803e-f177af0a3902/elements [39m[32m200[39m [90m104 ms - 1291[39m
[35m[HTTP][39m [90m[39m
[35m[HTTP][39m [37m-->[39m [37mGET[39m [37m/wd/hub/session/40c5e822-1fc6-4718-803e-f177af0a3902/window/rect[39m
[35m[HTTP][39m [90m{}[39m
[35m[HTTP][39m [37m<-- GET /wd/hub/session/40c5e822-1fc6-4718-803e-f177af0a3902/window/rect [39m[32m200[39m [90m10 ms - 50[39m
[35m[HTTP][39m [90m[39m
[35m[HTTP][39m [37m-->[39m [37mPOST[39m [37m/wd/hub/session/40c5e822-1fc6-4718-803e-f177af0a3902/elements[39m
[35m[HTTP][39m [90m{"using":"xpath","value":"//hierarchy/android.widget.FrameLayout[1]/android.widget.LinearLayout[1]/android.widget.FrameLayout[1]/android.widget.LinearLayout[1]/android.widget.FrameLayout[1]/android.support.v4.widget.DrawerLayout[1]/android.view.ViewGroup[1]/android.support.v4.view.ViewPager[1]/android.support.v7.widget.RecyclerView[1]/android.widget.LinearLayout[3]/android.widget.FrameLayout[1]/android.widget.RelativeLayout[1]"}[39m
[35m[HTTP][39m [37m<-- POST /wd/hub/session/40c5e822-1fc6-4718-803e-f177af0a3902/elements [39m[32m200[39m [90m106 ms - 139[39m
[35m[HTTP][39m [90m[39m
[35m[HTTP][39m [37m-->[39m [37mGET[39m [37m/wd/hub/session/40c5e822-1fc6-4718-803e-f177af0a3902/element/00000000-0000-000a-ffff-ffff000000c8/location[39m
[35m[HTTP][39m [90m{}[39m
[35m[W3C (40c5e822)][39m Driver proxy active, passing request on via HTTP proxy
[35m[WD Proxy][39m Replacing sessionId a7c86703-99bc-49ea-b404-df8e03c9c15a with 40c5e822-1fc6-4718-803e-f177af0a3902
[35m[HTTP][39m [37m<-- GET /wd/hub/session/40c5e822-1fc6-4718-803e-f177af0a3902/element/00000000-0000-000a-ffff-ffff000000c8/location [39m[32m200[39m [90m11 ms - 77[39m
[35m[HTTP][39m [90m[39m
[35m[HTTP][39m [37m-->[39m [37mPOST[39m [37m/wd/hub/session/40c5e822-1fc6-4718-803e-f177af0a3902/element/00000000-0000-000a-ffff-ffff000000c8/click[39m
[35m[HTTP][39m [90m{"id":"00000000-0000-000a-ffff-ffff000000c8"}[39m
[35m[HTTP][39m [37m<-- POST /wd/hub/session/40c5e822-1fc6-4718-803e-f177af0a3902/element/00000000-0000-000a-ffff-ffff000000c8/click [39m[32m200[39m [90m36 ms - 14[39m
[35m[HTTP][39m [90m[39m
[35m[HTTP][39m [37m-->[39m [37mGET[39m [37m/wd/hub/session/40c5e822-1fc6-4718-803e-f177af0a3902/source[39m
[35m[HTTP][39m [90m{}[39m
[35m[W3C (40c5e822)][39m Driver proxy active, passing request on via HTTP proxy
[35m[WD Proxy][39m Replacing sessionId a7c86703-99bc-49ea-b404-df8e03c9c15a with 40c5e822-1fc6-4718-803e-f177af0a3902
[35m[HTTP][39m [37m<-- GET /wd/hub/session/40c5e822-1fc6-4718-803e-f177af0a3902/source [39m[32m200[39m [90m485 ms - 37827[39m
[35m[HTTP][39m [90m[39m
[35m[HTTP][39m [37m-->[39m [37mGET[39m [37m/wd/hub/session/40c5e822-1fc6-4718-803e-f177af0a3902/screenshot[39m
[35m[HTTP][39m [90m{}[39m
[35m[HTTP][39m [37m<-- GET /wd/hub/session/40c5e822-1fc6-4718-803e-f177af0a3902/screenshot [39m[32m200[39m [90m431 ms - 690514[39m
[35m[HTTP][39m [90m[39m
[35m[HTTP][39m [37m-->[39m [37mPOST[39m [37m/wd/hub/session/40c5e822-1fc6-4718-803e-f177af0a3902/elements[39m
[35m[HTTP][39m [90m{"using":"xpath","value":"//*[@class = 'android.widget.RelativeLayout' and (@text = '' or . = '')]"}[39m
[35m[HTTP][39m [37m<-- POST /wd/hub/session/40c5e822-1fc6-4718-803e-f177af0a3902/elements [39m[32m200[39m [90m120 ms - 1163[39m
[35m[HTTP][39m [90m[39m
[35m[HTTP][39m [37m-->[39m [37mPOST[39m [37m/wd/hub/session/40c5e822-1fc6-4718-803e-f177af0a3902/elements[39m
[35m[HTTP][39m [90m{"using":"-android uiautomator","value":"new UiSelector().className(\"android.widget.RelativeLayout\")"}[39m
[35m[HTTP][39m [37m<-- POST /wd/hub/session/40c5e822-1fc6-4718-803e-f177af0a3902/elements [39m[32m200[39m [90m75 ms - 1163[39m
[35m[HTTP][39m [90m[39m
[35m[HTTP][39m [37m-->[39m [37mGET[39m [37m/wd/hub/session/40c5e822-1fc6-4718-803e-f177af0a3902/window/rect[39m
[35m[HTTP][39m [90m{}[39m
[35m[HTTP][39m [37m<-- GET /wd/hub/session/40c5e822-1fc6-4718-803e-f177af0a3902/window/rect [39m[32m200[39m [90m8 ms - 50[39m
[35m[HTTP][39m [90m[39m
[35m[HTTP][39m [37m-->[39m [37mPOST[39m [37m/wd/hub/session/40c5e822-1fc6-4718-803e-f177af0a3902/elements[39m
[35m[HTTP][39m [90m{"using":"xpath","value":"//hierarchy/android.widget.FrameLayout[1]/android.widget.LinearLayout[1]/android.widget.FrameLayout[1]/android.widget.LinearLayout[1]/android.widget.FrameLayout[1]/android.support.v4.widget.DrawerLayout[1]/android.view.ViewGroup[1]/android.support.v4.view.ViewPager[1]/android.support.v7.widget.RecyclerView[1]/android.widget.LinearLayout[1]/android.widget.FrameLayout[1]/android.widget.RelativeLayout[1]"}[39m
[35m[HTTP][39m [37m<-- POST /wd/hub/session/40c5e822-1fc6-4718-803e-f177af0a3902/elements [39m[32m200[39m [90m84 ms - 139[39m
[35m[HTTP][39m [90m[39m
[35m[HTTP][39m [37m-->[39m [37mGET[39m [37m/wd/hub/session/40c5e822-1fc6-4718-803e-f177af0a3902/element/00000000-0000-000a-ffff-ffff000000ba/location[39m
[35m[HTTP][39m [90m{}[39m
[35m[W3C (40c5e822)][39m Driver proxy active, passing request on via HTTP proxy
[35m[WD Proxy][39m Replacing sessionId a7c86703-99bc-49ea-b404-df8e03c9c15a with 40c5e822-1fc6-4718-803e-f177af0a3902
[35m[HTTP][39m [37m<-- GET /wd/hub/session/40c5e822-1fc6-4718-803e-f177af0a3902/element/00000000-0000-000a-ffff-ffff000000ba/location [39m[32m200[39m [90m12 ms - 77[39m
[35m[HTTP][39m [90m[39m
[35m[HTTP][39m [37m-->[39m [37mPOST[39m [37m/wd/hub/session/40c5e822-1fc6-4718-803e-f177af0a3902/element/00000000-0000-000a-ffff-ffff000000ba/click[39m
[35m[HTTP][39m [90m{"id":"00000000-0000-000a-ffff-ffff000000ba"}[39m
[35m[HTTP][39m [37m<-- POST /wd/hub/session/40c5e822-1fc6-4718-803e-f177af0a3902/element/00000000-0000-000a-ffff-ffff000000ba/click [39m[32m200[39m [90m48 ms - 14[39m
[35m[HTTP][39m [90m[39m
[35m[HTTP][39m [37m-->[39m [37mGET[39m [37m/wd/hub/session/40c5e822-1fc6-4718-803e-f177af0a3902/source[39m
[35m[HTTP][39m [90m{}[39m
[35m[W3C (40c5e822)][39m Driver proxy active, passing request on via HTTP proxy
[35m[WD Proxy][39m Replacing sessionId a7c86703-99bc-49ea-b404-df8e03c9c15a with 40c5e822-1fc6-4718-803e-f177af0a3902
[35m[HTTP][39m [37m<-- GET /wd/hub/session/40c5e822-1fc6-4718-803e-f177af0a3902/source [39m[32m200[39m [90m276 ms - 9317[39m
[35m[HTTP][39m [90m[39m
[35m[HTTP][39m [37m-->[39m [37mGET[39m [37m/wd/hub/session/40c5e822-1fc6-4718-803e-f177af0a3902/screenshot[39m
[35m[HTTP][39m [90m{}[39m
[35m[HTTP][39m [37m<-- GET /wd/hub/session/40c5e822-1fc6-4718-803e-f177af0a3902/screenshot [39m[32m200[39m [90m568 ms - 1084988[39m
[35m[HTTP][39m [90m[39m
[35m[HTTP][39m [37m-->[39m [37mGET[39m [37m/wd/hub/session/40c5e822-1fc6-4718-803e-f177af0a3902/contexts[39m
[35m[HTTP][39m [90m{}[39m
[35m[HTTP][39m [37m<-- GET /wd/hub/session/40c5e822-1fc6-4718-803e-f177af0a3902/contexts [39m[32m200[39m [90m66 ms - 24[39m
[35m[HTTP][39m [90m[39m
[35m[HTTP][39m [37m-->[39m [37mPOST[39m [37m/wd/hub/session/40c5e822-1fc6-4718-803e-f177af0a3902/context[39m
[35m[HTTP][39m [90m{"name":"NATIVE_APP"}[39m
[35m[HTTP][39m [37m<-- POST /wd/hub/session/40c5e822-1fc6-4718-803e-f177af0a3902/context [39m[32m200[39m [90m2 ms - 14[39m
[35m[HTTP][39m [90m[39m
[35m[HTTP][39m [37m-->[39m [37mGET[39m [37m/wd/hub/session/40c5e822-1fc6-4718-803e-f177af0a3902/source[39m
[35m[HTTP][39m [90m{}[39m
[35m[W3C (40c5e822)][39m Driver proxy active, passing request on via HTTP proxy
[35m[WD Proxy][39m Replacing sessionId a7c86703-99bc-49ea-b404-df8e03c9c15a with 40c5e822-1fc6-4718-803e-f177af0a3902
[35m[HTTP][39m [37m<-- GET /wd/hub/session/40c5e822-1fc6-4718-803e-f177af0a3902/source [39m[32m200[39m [90m25 ms - 9317[39m
[35m[HTTP][39m [90m[39m
[35m[HTTP][39m [37m-->[39m [37mGET[39m [37m/wd/hub/session/40c5e822-1fc6-4718-803e-f177af0a3902/screenshot[39m
[35m[HTTP][39m [90m{}[39m
[35m[HTTP][39m [37m<-- GET /wd/hub/session/40c5e822-1fc6-4718-803e-f177af0a3902/screenshot [39m[32m200[39m [90m579 ms - 1084988[39m
[35m[HTTP][39m [90m[39m
[35m[HTTP][39m [37m-->[39m [37mGET[39m [37m/wd/hub/session/40c5e822-1fc6-4718-803e-f177af0a3902/source[39m
[35m[HTTP][39m [90m{}[39m
[35m[W3C (40c5e822)][39m Driver proxy active, passing request on via HTTP proxy
[35m[WD Proxy][39m Replacing sessionId a7c86703-99bc-49ea-b404-df8e03c9c15a with 40c5e822-1fc6-4718-803e-f177af0a3902
[35m[HTTP][39m [37m<-- GET /wd/hub/session/40c5e822-1fc6-4718-803e-f177af0a3902/source [39m[32m200[39m [90m26 ms - 9317[39m
[35m[HTTP][39m [90m[39m
[35m[HTTP][39m [37m-->[39m [37mGET[39m [37m/wd/hub/session/40c5e822-1fc6-4718-803e-f177af0a3902/screenshot[39m
[35m[HTTP][39m [90m{}[39m
[35m[HTTP][39m [37m<-- GET /wd/hub/session/40c5e822-1fc6-4718-803e-f177af0a3902/screenshot [39m[32m200[39m [90m581 ms - 1084988[39m
[35m[HTTP][39m [90m[39m
[35m[HTTP][39m [37m-->[39m [37mGET[39m [37m/wd/hub/session/40c5e822-1fc6-4718-803e-f177af0a3902/source[39m
[35m[HTTP][39m [90m{}[39m
[35m[W3C (40c5e822)][39m Driver proxy active, passing request on via HTTP proxy
[35m[WD Proxy][39m Replacing sessionId a7c86703-99bc-49ea-b404-df8e03c9c15a with 40c5e822-1fc6-4718-803e-f177af0a3902
[35m[HTTP][39m [37m<-- GET /wd/hub/session/40c5e822-1fc6-4718-803e-f177af0a3902/source [39m[32m200[39m [90m24 ms - 9317[39m
[35m[HTTP][39m [90m[39m
[35m[HTTP][39m [37m-->[39m [37mGET[39m [37m/wd/hub/session/40c5e822-1fc6-4718-803e-f177af0a3902/screenshot[39m
[35m[HTTP][39m [90m{}[39m
[35m[HTTP][39m [37m<-- GET /wd/hub/session/40c5e822-1fc6-4718-803e-f177af0a3902/screenshot [39m[32m200[39m [90m576 ms - 1087062[39m
[35m[HTTP][39m [90m[39m
[35m[HTTP][39m [37m-->[39m [37mPOST[39m [37m/wd/hub/session/40c5e822-1fc6-4718-803e-f177af0a3902/elements[39m
[35m[HTTP][39m [90m{"using":"xpath","value":"//*[@class = 'android.widget.TextView' and (@text = 'Tenda diperlukan untuk tempat berteduh dari konisi alam yang tidak memunginkan perjalanan dilanjutkan atau tempat kita tidur saat bermalam. Tenda ini seperti versi rumah mini.\n\nAda banyak jenis tenda dengan berbagai model, ukuran, kapasitas dan tingkat kualitas. Jika Anda mendaki misalnya hanya berdua, ya mengapa membawa tenda dengan kapasitas empat atau enam orang. Cukuplah bawa tenda dengan ukuran 2-3 orang saja.\n\nSetidaknya ada hal-hal yang harus dipertimbangkan ketika membeli sebuah tenda, yaitu berat tenda, ketahanan dan kualitas bahan dalam melawan dingin, hujan dan angin. Standar tenda saat ini juga sudah memiliki penutup tenda ataupun teras tenda.\n\nPenutup ini fungsinya agar embun atau air hujan tidak langsung menimpa tenda. Untuk bahan dapat disesuaikan budget saja. Tenda bagus tentu memiliki bahan yang baik dan tidak mudah merembes embun ataupun air hujan.\n\nTenda yang mudah merembes embun atau hujan tentu akan ...[39m
[35m[HTTP][39m [37m<-- POST /wd/hub/session/40c5e822-1fc6-4718-803e-f177af0a3902/elements [39m[32m200[39m [90m59 ms - 139[39m
[35m[HTTP][39m [90m[39m
[35m[HTTP][39m [37m-->[39m [37mGET[39m [37m/wd/hub/session/40c5e822-1fc6-4718-803e-f177af0a3902/window/rect[39m
[35m[HTTP][39m [90m{}[39m
[35m[HTTP][39m [37m<-- GET /wd/hub/session/40c5e822-1fc6-4718-803e-f177af0a3902/window/rect [39m[32m200[39m [90m7 ms - 50[39m
[35m[HTTP][39m [90m[39m
[35m[HTTP][39m [37m-->[39m [37mPOST[39m [37m/wd/hub/session/40c5e822-1fc6-4718-803e-f177af0a3902/elements[39m
[35m[HTTP][39m [90m{"using":"xpath","value":"//*[@class = 'android.widget.TextView' and (@text = 'Tenda diperlukan untuk tempat berteduh dari konisi alam yang tidak memunginkan perjalanan dilanjutkan atau tempat kita tidur saat bermalam. Tenda ini seperti versi rumah mini.\n\nAda banyak jenis tenda dengan berbagai model, ukuran, kapasitas dan tingkat kualitas. Jika Anda mendaki misalnya hanya berdua, ya mengapa membawa tenda dengan kapasitas empat atau enam orang. Cukuplah bawa tenda dengan ukuran 2-3 orang saja.\n\nSetidaknya ada hal-hal yang harus dipertimbangkan ketika membeli sebuah tenda, yaitu berat tenda, ketahanan dan kualitas bahan dalam melawan dingin, hujan dan angin. Standar tenda saat ini juga sudah memiliki penutup tenda ataupun teras tenda.\n\nPenutup ini fungsinya agar embun atau air hujan tidak langsung menimpa tenda. Untuk bahan dapat disesuaikan budget saja. Tenda bagus tentu memiliki bahan yang baik dan tidak mudah merembes embun ataupun air hujan.\n\nTenda yang mudah merembes embun atau hujan tentu akan ...[39m
[35m[HTTP][39m [37m<-- POST /wd/hub/session/40c5e822-1fc6-4718-803e-f177af0a3902/elements [39m[32m200[39m [90m42 ms - 139[39m
[35m[HTTP][39m [90m[39m
[35m[HTTP][39m [37m-->[39m [37mGET[39m [37m/wd/hub/session/40c5e822-1fc6-4718-803e-f177af0a3902/element/00000000-0000-000b-ffff-ffff00000174/location[39m
[35m[HTTP][39m [90m{}[39m
[35m[W3C (40c5e822)][39m Driver proxy active, passing request on via HTTP proxy
[35m[WD Proxy][39m Replacing sessionId a7c86703-99bc-49ea-b404-df8e03c9c15a with 40c5e822-1fc6-4718-803e-f177af0a3902
[35m[HTTP][39m [37m<-- GET /wd/hub/session/40c5e822-1fc6-4718-803e-f177af0a3902/element/00000000-0000-000b-ffff-ffff00000174/location [39m[32m200[39m [90m13 ms - 77[39m
[35m[HTTP][39m [90m[39m
[35m[HTTP][39m [37m-->[39m [37mGET[39m [37m/wd/hub/session/40c5e822-1fc6-4718-803e-f177af0a3902/element/00000000-0000-000b-ffff-ffff00000174/text[39m
[35m[HTTP][39m [90m{}[39m
[35m[W3C (40c5e822)][39m Driver proxy active, passing request on via HTTP proxy
[35m[WD Proxy][39m Replacing sessionId a7c86703-99bc-49ea-b404-df8e03c9c15a with 40c5e822-1fc6-4718-803e-f177af0a3902
[35m[HTTP][39m [37m<-- GET /wd/hub/session/40c5e822-1fc6-4718-803e-f177af0a3902/element/00000000-0000-000b-ffff-ffff00000174/text [39m[32m200[39m [90m11 ms - 1177[39m
[35m[HTTP][39m [90m[39m
[35m[HTTP][39m [37m-->[39m [37mGET[39m [37m/wd/hub/session/40c5e822-1fc6-4718-803e-f177af0a3902/source[39m
[35m[HTTP][39m [90m{}[39m
[35m[W3C (40c5e822)][39m Driver proxy active, passing request on via HTTP proxy
[35m[WD Proxy][39m Replacing sessionId a7c86703-99bc-49ea-b404-df8e03c9c15a with 40c5e822-1fc6-4718-803e-f177af0a3902
[35m[HTTP][39m [37m<-- GET /wd/hub/session/40c5e822-1fc6-4718-803e-f177af0a3902/source [39m[32m200[39m [90m24 ms - 9317[39m
[35m[HTTP][39m [90m[39m
[35m[HTTP][39m [37m-->[39m [37mGET[39m [37m/wd/hub/session/40c5e822-1fc6-4718-803e-f177af0a3902/screenshot[39m
[35m[HTTP][39m [90m{}[39m
[35m[HTTP][39m [37m<-- GET /wd/hub/session/40c5e822-1fc6-4718-803e-f177af0a3902/screenshot [39m[32m200[39m [90m566 ms - 1087062[39m
[35m[HTTP][39m [90m[39m
[35m[HTTP][39m [37m-->[39m [37mDELETE[39m [37m/wd/hub/session/40c5e822-1fc6-4718-803e-f177af0a3902[39m
[35m[HTTP][39m [90m{}[39m
[35m[Appium][39m Removing session 40c5e822-1fc6-4718-803e-f177af0a3902 from our master session list
[35m[UiAutomator2][39m Restoring hidden api policy to the device default configuration
[35m[HTTP][39m [37m<-- DELETE /wd/hub/session/40c5e822-1fc6-4718-803e-f177af0a3902 [39m[32m200[39m [90m327 ms - 14[39m
[35m[HTTP][39m [90m[39m
